<?xml version="1.0" encoding="UTF-8"?>
<!-- Generated by org.testng.reporters.JUnitReportReporter -->
<testsuite hostname="Toufiq-ZSS" failures="0" tests="5" name="com.zssbd.trackntrace.customeradd.customerAdd" time="45.171" errors="0" timestamp="2020-08-13T17:45:50 BDT" skipped="0">
  <testcase classname="com.zssbd.trackntrace.customeradd.customerAdd" name="addingcustomer" time="10.244"/>
  <system-out/>
  <testcase classname="com.zssbd.trackntrace.customeradd.customerAdd" name="addingcustomer" time="12.268"/>
  <system-out/>
  <testcase classname="com.zssbd.trackntrace.customeradd.customerAdd" name="addingcustomer" time="8.357"/>
  <system-out/>
  <testcase classname="com.zssbd.trackntrace.customeradd.customerAdd" name="addingcustomer" time="6.403"/>
  <system-out/>
  <testcase classname="com.zssbd.trackntrace.customeradd.customerAdd" name="addingcustomer" time="7.899"/>
  <system-out/>
</testsuite> <!-- com.zssbd.trackntrace.customeradd.customerAdd -->
